<?xml version="1.0" encoding="UTF-8"?>
<testsuite xmlns:xsi="http://www.w3.org/2001/XMLSchema-instance" xsi:noNamespaceSchemaLocation="https://maven.apache.org/surefire/maven-surefire-plugin/xsd/surefire-test-report.xsd" name="KasirTest" time="0.07" tests="4" errors="0" skipped="0" failures="0">
  <properties>
[...]
</properties>
  <testcase name="testCheckout" classname="KasirTest" time="0.057"/>
  <testcase name="testDisplayItems" classname="KasirTest" time="0.003"/>
  <testcase name="testAddItem" classname="KasirTest" time="0.001"/>
  <testcase name="testCalculateTotal" classname="KasirTest" time="0.001"/>
</testsuite>